<?xml version="1.0" encoding="UTF-8"?>
<!-- Generated by org.testng.reporters.JUnitReportReporter -->
<testsuite hostname="LAPTOP-MLA3GADD" failures="0" tests="1" name="com.SwagLabs_Testcases.CheckoutpageTest" time="0.494" errors="0" timestamp="2023-10-24T08:51:50 IST" skipped="0">
  <testcase classname="com.SwagLabs_Testcases.CheckoutpageTest" name="verifycheckout" time="0.494"/>
  <system-out/>
</testsuite> <!-- com.SwagLabs_Testcases.CheckoutpageTest -->
