<?xml version="1.0" encoding="UTF-8"?>
<!-- Generated by org.testng.reporters.JUnitReportReporter -->
<testsuite hostname="LAPTOP-MLA3GADD" failures="0" tests="3" name="com.SwagLabs_Testcases.InvantorypageTest" time="0.524" errors="0" timestamp="2023-10-21T15:20:17 IST" skipped="0">
  <testcase classname="com.SwagLabs_Testcases.InvantorypageTest" name="varifyproductcount" time="0.050"/>
  <system-out/>
  <testcase classname="com.SwagLabs_Testcases.InvantorypageTest" name="varifyproductlable" time="0.145"/>
  <system-out/>
  <testcase classname="com.SwagLabs_Testcases.InvantorypageTest" name="varifyAddtocart" time="0.329"/>
  <system-out/>
</testsuite> <!-- com.SwagLabs_Testcases.InvantorypageTest -->
