<?xml version="1.0" encoding="UTF-8"?>
<!-- Generated by org.testng.reporters.JUnitReportReporter -->
<testsuite hostname="LAPTOP-MLA3GADD" failures="0" tests="4" name="com.SwagLabs_Testcases.AddTocartpageTest" time="8.586" errors="0" timestamp="2023-10-24T07:47:23 IST" skipped="0">
  <testcase classname="com.SwagLabs_Testcases.AddTocartpageTest" name="verifypageLaunch" time="0.073"/>
  <system-out/>
  <testcase classname="com.SwagLabs_Testcases.AddTocartpageTest" name="verifypageRemove" time="2.073"/>
  <system-out/>
  <testcase classname="com.SwagLabs_Testcases.AddTocartpageTest" name="verifyCountinue" time="6.345"/>
  <system-out/>
  <testcase classname="com.SwagLabs_Testcases.AddTocartpageTest" name="verifyCheckout" time="0.095"/>
  <system-out/>
</testsuite> <!-- com.SwagLabs_Testcases.AddTocartpageTest -->
