<?xml version="1.0" encoding="UTF-8"?>
<!-- Generated by org.testng.reporters.JUnitReportReporter -->
<testsuite hostname="LAPTOP-MLA3GADD" failures="0" tests="3" name="com.SwagLabs_Testcases.LoginpageTest" time="0.487" errors="0" timestamp="2023-10-21T14:20:30 IST" skipped="0">
  <testcase classname="com.SwagLabs_Testcases.LoginpageTest" name="verifyCurrentUrl" time="0.027"/>
  <system-out/>
  <testcase classname="com.SwagLabs_Testcases.LoginpageTest" name="verifyTitle" time="0.015"/>
  <system-out/>
  <testcase classname="com.SwagLabs_Testcases.LoginpageTest" name="verifyLogin" time="0.445"/>
  <system-out/>
</testsuite> <!-- com.SwagLabs_Testcases.LoginpageTest -->
