<?xml version="1.0" encoding="UTF-8"?>
<!-- Generated by org.testng.reporters.JUnitReportReporter -->
<testsuite hostname="LAPTOP-MLA3GADD" failures="0" tests="2" name="com.SwagLabs_Testcases.OverviewpageTest" time="0.322" errors="0" timestamp="2023-10-31T12:36:11 IST" skipped="0">
  <testcase classname="com.SwagLabs_Testcases.OverviewpageTest" name="verifyordersummury" time="0.054"/>
  <system-out/>
  <testcase classname="com.SwagLabs_Testcases.OverviewpageTest" name="verifycompletorder" time="0.268"/>
  <system-out/>
</testsuite> <!-- com.SwagLabs_Testcases.OverviewpageTest -->
